1/15/2025, 2:13:23 PM GMT+1 0: 

----------------------------------------------
1/15/2025, 2:13:23 PM GMT+1 1: Discord starting: {"releaseChannel":"stable","version":"0.0.79"}, modulepath: /home/bu/.config/discord/0.0.79/modules
1/15/2025, 2:13:23 PM GMT+1 2: ✅ webContents.created web1 ""
1/15/2025, 2:13:23 PM GMT+1 3: ✅ window.created win1 "discord"
1/15/2025, 2:13:24 PM GMT+1 4: ✅ webContents.did-finish-load web1
1/15/2025, 2:13:28 PM GMT+1 5: before-quit
1/15/2025, 2:13:28 PM GMT+1 6: window.close win1
1/15/2025, 2:13:43 PM GMT+1 0: 

----------------------------------------------
1/15/2025, 2:13:43 PM GMT+1 1: Discord starting: {"releaseChannel":"stable","version":"0.0.79"}, modulepath: /home/bu/.config/discord/0.0.79/modules
1/15/2025, 2:13:43 PM GMT+1 2: ✅ webContents.created web1 ""
1/15/2025, 2:13:43 PM GMT+1 3: ✅ window.created win1 "discord"
1/15/2025, 2:13:43 PM GMT+1 4: ✅ webContents.did-finish-load web1
1/15/2025, 2:13:46 PM GMT+1 5: before-quit
1/15/2025, 2:13:46 PM GMT+1 6: window.close win1
1/15/2025, 2:14:01 PM GMT+1 0: 

----------------------------------------------
1/15/2025, 2:14:01 PM GMT+1 1: Discord starting: {"releaseChannel":"stable","version":"0.0.79"}, modulepath: /home/bu/.config/discord/0.0.79/modules
1/15/2025, 2:14:01 PM GMT+1 2: ✅ webContents.created web1 ""
1/15/2025, 2:14:01 PM GMT+1 3: ✅ window.created win1 "discord"
1/15/2025, 2:14:01 PM GMT+1 4: ✅ webContents.did-finish-load web1
1/15/2025, 2:14:08 PM GMT+1 5: before-quit
1/15/2025, 2:14:08 PM GMT+1 6: window.close win1
1/15/2025, 2:14:26 PM GMT+1 0: 

----------------------------------------------
1/15/2025, 2:14:26 PM GMT+1 1: Discord starting: {"releaseChannel":"stable","version":"0.0.79"}, modulepath: /home/bu/.config/discord/0.0.79/modules
1/15/2025, 2:14:26 PM GMT+1 2: ✅ webContents.created web1 ""
1/15/2025, 2:14:26 PM GMT+1 3: ✅ window.created win1 "discord"
1/15/2025, 2:14:27 PM GMT+1 4: ✅ webContents.did-finish-load web1
1/15/2025, 2:14:35 PM GMT+1 5: before-quit
1/15/2025, 2:14:35 PM GMT+1 6: window.close win1
