1/15/2025, 2:13:23 PM GMT+1 [Modules] Modules initializing
1/15/2025, 2:13:23 PM GMT+1 [Modules] Distribution: remote
1/15/2025, 2:13:23 PM GMT+1 [Modules] Host updates: enabled
1/15/2025, 2:13:23 PM GMT+1 [Modules] Module updates: enabled
1/15/2025, 2:13:23 PM GMT+1 [Modules] Module install path: /home/bu/.config/discord/0.0.79/modules
1/15/2025, 2:13:23 PM GMT+1 [Modules] Module installed file path: /home/bu/.config/discord/0.0.79/modules/installed.json
1/15/2025, 2:13:23 PM GMT+1 [Modules] Module download path: /home/bu/.config/discord/0.0.79/modules/pending
1/15/2025, 2:13:23 PM GMT+1 [Modules] Bootstrapping...
1/15/2025, 2:13:23 PM GMT+1 [Modules] Installing discord_desktop_core@0 from /opt/discord/resources/bootstrap/discord_desktop_core.zip
1/15/2025, 2:13:23 PM GMT+1 [Modules] Failed installing discord_desktop_core@0: Error: ENOENT: no such file or directory, open '/opt/discord/resources/bootstrap/discord_desktop_core.zip'
1/15/2025, 2:13:23 PM GMT+1 [Modules] Installing discord_erlpack@0 from /opt/discord/resources/bootstrap/discord_erlpack.zip
1/15/2025, 2:13:23 PM GMT+1 [Modules] Failed installing discord_erlpack@0: Error: ENOENT: no such file or directory, open '/opt/discord/resources/bootstrap/discord_erlpack.zip'
1/15/2025, 2:13:23 PM GMT+1 [Modules] Installing discord_spellcheck@0 from /opt/discord/resources/bootstrap/discord_spellcheck.zip
1/15/2025, 2:13:23 PM GMT+1 [Modules] Failed installing discord_spellcheck@0: Error: ENOENT: no such file or directory, open '/opt/discord/resources/bootstrap/discord_spellcheck.zip'
1/15/2025, 2:13:23 PM GMT+1 [Modules] Installing discord_utils@0 from /opt/discord/resources/bootstrap/discord_utils.zip
1/15/2025, 2:13:23 PM GMT+1 [Modules] Failed installing discord_utils@0: Error: ENOENT: no such file or directory, open '/opt/discord/resources/bootstrap/discord_utils.zip'
1/15/2025, 2:13:23 PM GMT+1 [Modules] Installing discord_voice@0 from /opt/discord/resources/bootstrap/discord_voice.zip
1/15/2025, 2:13:23 PM GMT+1 [Modules] Failed installing discord_voice@0: Error: ENOENT: no such file or directory, open '/opt/discord/resources/bootstrap/discord_voice.zip'
1/15/2025, 2:13:23 PM GMT+1 [Modules] Installing discord_zstd@0 from /opt/discord/resources/bootstrap/discord_zstd.zip
1/15/2025, 2:13:23 PM GMT+1 [Modules] Failed installing discord_zstd@0: Error: ENOENT: no such file or directory, open '/opt/discord/resources/bootstrap/discord_zstd.zip'
1/15/2025, 2:13:23 PM GMT+1 [Modules] Finished module installations. [success: 0] [failure: 6]
1/15/2025, 2:13:23 PM GMT+1 [Modules] Checking for host updates.
1/15/2025, 2:13:24 PM GMT+1 [Modules] Host update is available. Manual update required!
1/15/2025, 2:13:43 PM GMT+1 [Modules] Modules initializing
1/15/2025, 2:13:43 PM GMT+1 [Modules] Distribution: remote
1/15/2025, 2:13:43 PM GMT+1 [Modules] Host updates: enabled
1/15/2025, 2:13:43 PM GMT+1 [Modules] Module updates: enabled
1/15/2025, 2:13:43 PM GMT+1 [Modules] Module install path: /home/bu/.config/discord/0.0.79/modules
1/15/2025, 2:13:43 PM GMT+1 [Modules] Module installed file path: /home/bu/.config/discord/0.0.79/modules/installed.json
1/15/2025, 2:13:43 PM GMT+1 [Modules] Module download path: /home/bu/.config/discord/0.0.79/modules/pending
1/15/2025, 2:13:43 PM GMT+1 [Modules] No updates to install
1/15/2025, 2:13:43 PM GMT+1 [Modules] Checking for host updates.
1/15/2025, 2:13:44 PM GMT+1 [Modules] Host update is available. Manual update required!
1/15/2025, 2:14:01 PM GMT+1 [Modules] Modules initializing
1/15/2025, 2:14:01 PM GMT+1 [Modules] Distribution: remote
1/15/2025, 2:14:01 PM GMT+1 [Modules] Host updates: enabled
1/15/2025, 2:14:01 PM GMT+1 [Modules] Module updates: enabled
1/15/2025, 2:14:01 PM GMT+1 [Modules] Module install path: /home/bu/.config/discord/0.0.79/modules
1/15/2025, 2:14:01 PM GMT+1 [Modules] Module installed file path: /home/bu/.config/discord/0.0.79/modules/installed.json
1/15/2025, 2:14:01 PM GMT+1 [Modules] Module download path: /home/bu/.config/discord/0.0.79/modules/pending
1/15/2025, 2:14:01 PM GMT+1 [Modules] No updates to install
1/15/2025, 2:14:01 PM GMT+1 [Modules] Checking for host updates.
1/15/2025, 2:14:01 PM GMT+1 [Modules] Host update is available. Manual update required!
1/15/2025, 2:14:26 PM GMT+1 [Modules] Modules initializing
1/15/2025, 2:14:26 PM GMT+1 [Modules] Distribution: remote
1/15/2025, 2:14:26 PM GMT+1 [Modules] Host updates: enabled
1/15/2025, 2:14:26 PM GMT+1 [Modules] Module updates: enabled
1/15/2025, 2:14:26 PM GMT+1 [Modules] Module install path: /home/bu/.config/discord/0.0.79/modules
1/15/2025, 2:14:26 PM GMT+1 [Modules] Module installed file path: /home/bu/.config/discord/0.0.79/modules/installed.json
1/15/2025, 2:14:26 PM GMT+1 [Modules] Module download path: /home/bu/.config/discord/0.0.79/modules/pending
1/15/2025, 2:14:27 PM GMT+1 [Modules] No updates to install
1/15/2025, 2:14:27 PM GMT+1 [Modules] Checking for host updates.
1/15/2025, 2:14:27 PM GMT+1 [Modules] Host update is available. Manual update required!
